[2020-07-16 12:44:07.503] [exthost] [info] extension host started
[2020-07-16 12:44:07.547] [exthost] [info] ExtensionService#_doActivateExtension aaron-bond.better-comments {"startup":false,"extensionId":{"value":"aaron-bond.better-comments","_lower":"aaron-bond.better-comments"},"activationEvent":"onLanguage:plaintext"}
[2020-07-16 12:44:07.547] [exthost] [info] ExtensionService#loadCommonJSModule file:///home/immanuwel/.vscode/extensions/aaron-bond.better-comments-2.1.0/out/extension
[2020-07-16 12:44:07.550] [exthost] [info] ExtensionService#_doActivateExtension pucelle.vscode-css-navigation {"startup":false,"extensionId":{"value":"pucelle.vscode-css-navigation","_lower":"pucelle.vscode-css-navigation"},"activationEvent":"onLanguage:plaintext"}
[2020-07-16 12:44:07.551] [exthost] [info] ExtensionService#loadCommonJSModule file:///home/immanuwel/.vscode/extensions/pucelle.vscode-css-navigation-1.9.0/client/out/extension
[2020-07-16 12:44:07.581] [exthost] [info] ExtensionService#_doActivateExtension vscode.debug-auto-launch {"startup":true,"extensionId":{"value":"vscode.debug-auto-launch","_lower":"vscode.debug-auto-launch"},"activationEvent":"*"}
[2020-07-16 12:44:07.582] [exthost] [info] ExtensionService#loadCommonJSModule file:///usr/share/code/resources/app/extensions/debug-auto-launch/dist/extension
[2020-07-16 12:44:07.584] [exthost] [info] ExtensionService#_doActivateExtension vscode.emmet {"startup":true,"extensionId":{"value":"vscode.emmet","_lower":"vscode.emmet"},"activationEvent":"*"}
[2020-07-16 12:44:07.585] [exthost] [info] ExtensionService#loadCommonJSModule file:///usr/share/code/resources/app/extensions/emmet/dist/extension
[2020-07-16 12:44:07.592] [exthost] [info] ExtensionService#_doActivateExtension vscode.git {"startup":true,"extensionId":{"value":"vscode.github","_lower":"vscode.github"},"activationEvent":"*"}
[2020-07-16 12:44:07.592] [exthost] [info] ExtensionService#loadCommonJSModule file:///usr/share/code/resources/app/extensions/git/dist/main
[2020-07-16 12:44:07.606] [exthost] [info] ExtensionService#_doActivateExtension vscode.github-authentication {"startup":true,"extensionId":{"value":"vscode.github-authentication","_lower":"vscode.github-authentication"},"activationEvent":"*"}
[2020-07-16 12:44:07.606] [exthost] [info] ExtensionService#loadCommonJSModule file:///usr/share/code/resources/app/extensions/github-authentication/dist/extension.js
[2020-07-16 12:44:07.610] [exthost] [info] ExtensionService#_doActivateExtension vscode.merge-conflict {"startup":true,"extensionId":{"value":"vscode.merge-conflict","_lower":"vscode.merge-conflict"},"activationEvent":"*"}
[2020-07-16 12:44:07.610] [exthost] [info] ExtensionService#loadCommonJSModule file:///usr/share/code/resources/app/extensions/merge-conflict/dist/mergeConflictMain
[2020-07-16 12:44:07.612] [exthost] [info] ExtensionService#_doActivateExtension vscode.microsoft-authentication {"startup":true,"extensionId":{"value":"vscode.microsoft-authentication","_lower":"vscode.microsoft-authentication"},"activationEvent":"*"}
[2020-07-16 12:44:07.612] [exthost] [info] ExtensionService#loadCommonJSModule file:///usr/share/code/resources/app/extensions/microsoft-authentication/dist/extension.js
[2020-07-16 12:44:07.617] [exthost] [info] ExtensionService#_doActivateExtension vscode.search-result {"startup":true,"extensionId":{"value":"vscode.search-result","_lower":"vscode.search-result"},"activationEvent":"*"}
[2020-07-16 12:44:07.617] [exthost] [info] ExtensionService#loadCommonJSModule file:///usr/share/code/resources/app/extensions/search-result/dist/extension.js
[2020-07-16 12:44:07.619] [exthost] [info] ExtensionService#_doActivateExtension Atishay-Jain.All-Autocomplete {"startup":true,"extensionId":{"value":"Atishay-Jain.All-Autocomplete","_lower":"atishay-jain.all-autocomplete"},"activationEvent":"*"}
[2020-07-16 12:44:07.619] [exthost] [info] ExtensionService#loadCommonJSModule file:///home/immanuwel/.vscode/extensions/atishay-jain.all-autocomplete-0.0.23/dist/extension
[2020-07-16 12:44:07.621] [exthost] [info] ExtensionService#_doActivateExtension chenxsan.vscode-standardjs {"startup":true,"extensionId":{"value":"chenxsan.vscode-standardjs","_lower":"chenxsan.vscode-standardjs"},"activationEvent":"*"}
[2020-07-16 12:44:07.621] [exthost] [info] ExtensionService#loadCommonJSModule file:///home/immanuwel/.vscode/extensions/chenxsan.vscode-standardjs-1.3.0/client/out/extension
[2020-07-16 12:44:07.652] [exthost] [info] ExtensionService#_doActivateExtension christian-kohler.path-intellisense {"startup":true,"extensionId":{"value":"christian-kohler.path-intellisense","_lower":"christian-kohler.path-intellisense"},"activationEvent":"*"}
[2020-07-16 12:44:07.652] [exthost] [info] ExtensionService#loadCommonJSModule file:///home/immanuwel/.vscode/extensions/christian-kohler.path-intellisense-2.2.1/out/extension.js
[2020-07-16 12:44:07.664] [exthost] [info] ExtensionService#_doActivateExtension CoenraadS.bracket-pair-colorizer {"startup":true,"extensionId":{"value":"CoenraadS.bracket-pair-colorizer","_lower":"coenraads.bracket-pair-colorizer"},"activationEvent":"*"}
[2020-07-16 12:44:07.664] [exthost] [info] ExtensionService#loadCommonJSModule file:///home/immanuwel/.vscode/extensions/coenraads.bracket-pair-colorizer-1.0.61/out/src/extension
[2020-07-16 12:44:07.675] [exthost] [info] ExtensionService#_doActivateExtension dbaeumer.vscode-eslint {"startup":true,"extensionId":{"value":"dbaeumer.vscode-eslint","_lower":"dbaeumer.vscode-eslint"},"activationEvent":"*"}
[2020-07-16 12:44:07.675] [exthost] [info] ExtensionService#loadCommonJSModule file:///home/immanuwel/.vscode/extensions/dbaeumer.vscode-eslint-2.1.8/client/out/extension
[2020-07-16 12:44:07.679] [exthost] [info] ExtensionService#_doActivateExtension formulahendry.auto-close-tag {"startup":true,"extensionId":{"value":"formulahendry.auto-close-tag","_lower":"formulahendry.auto-close-tag"},"activationEvent":"*"}
[2020-07-16 12:44:07.679] [exthost] [info] ExtensionService#loadCommonJSModule file:///home/immanuwel/.vscode/extensions/formulahendry.auto-close-tag-0.5.8/out/src/extension
[2020-07-16 12:44:07.680] [exthost] [info] ExtensionService#_doActivateExtension hbenl.vscode-test-explorer {"startup":true,"extensionId":{"value":"hbenl.vscode-test-explorer","_lower":"hbenl.vscode-test-explorer"},"activationEvent":"*"}
[2020-07-16 12:44:07.680] [exthost] [info] ExtensionService#loadCommonJSModule file:///home/immanuwel/.vscode/extensions/hbenl.vscode-test-explorer-2.19.1/out/main.js
[2020-07-16 12:44:07.691] [exthost] [info] ExtensionService#_doActivateExtension ionutvmi.path-autocomplete {"startup":true,"extensionId":{"value":"ionutvmi.path-autocomplete","_lower":"ionutvmi.path-autocomplete"},"activationEvent":"*"}
[2020-07-16 12:44:07.692] [exthost] [info] ExtensionService#loadCommonJSModule file:///home/immanuwel/.vscode/extensions/ionutvmi.path-autocomplete-1.14.0/out/src/extension
[2020-07-16 12:44:07.700] [exthost] [info] ExtensionService#_doActivateExtension PKief.material-icon-theme {"startup":true,"extensionId":{"value":"PKief.material-icon-theme","_lower":"pkief.material-icon-theme"},"activationEvent":"*"}
[2020-07-16 12:44:07.700] [exthost] [info] ExtensionService#loadCommonJSModule file:///home/immanuwel/.vscode/extensions/pkief.material-icon-theme-4.2.0/dist/extension
[2020-07-16 12:44:07.706] [exthost] [info] ExtensionService#_doActivateExtension ritwickdey.LiveServer {"startup":true,"extensionId":{"value":"ritwickdey.LiveServer","_lower":"ritwickdey.liveserver"},"activationEvent":"*"}
[2020-07-16 12:44:07.706] [exthost] [info] ExtensionService#loadCommonJSModule file:///home/immanuwel/.vscode/extensions/ritwickdey.liveserver-5.6.1/out/src/extension
[2020-07-16 12:44:08.001] [exthost] [info] ExtensionService#_doActivateExtension streetsidesoftware.code-spell-checker {"startup":true,"extensionId":{"value":"streetsidesoftware.code-spell-checker","_lower":"streetsidesoftware.code-spell-checker"},"activationEvent":"*"}
[2020-07-16 12:44:08.002] [exthost] [info] ExtensionService#loadCommonJSModule file:///home/immanuwel/.vscode/extensions/streetsidesoftware.code-spell-checker-1.9.0/dist/extension
[2020-07-16 12:44:08.036] [exthost] [info] ExtensionService#_doActivateExtension TabNine.tabnine-vscode {"startup":true,"extensionId":{"value":"TabNine.tabnine-vscode","_lower":"tabnine.tabnine-vscode"},"activationEvent":"*"}
[2020-07-16 12:44:08.036] [exthost] [info] ExtensionService#loadCommonJSModule file:///home/immanuwel/.vscode/extensions/tabnine.tabnine-vscode-2.8.10/out/extension
[2020-07-16 12:44:08.046] [exthost] [info] ExtensionService#_doActivateExtension Zignd.html-css-class-completion {"startup":true,"extensionId":{"value":"Zignd.html-css-class-completion","_lower":"zignd.html-css-class-completion"},"activationEvent":"*"}
[2020-07-16 12:44:08.046] [exthost] [info] ExtensionService#loadCommonJSModule file:///home/immanuwel/.vscode/extensions/zignd.html-css-class-completion-1.19.0/out/src/extension
[2020-07-16 12:44:08.503] [exthost] [info] ExtensionService#_doActivateExtension vscode.github {"startup":true,"extensionId":{"value":"vscode.github","_lower":"vscode.github"},"activationEvent":"*"}
[2020-07-16 12:44:08.503] [exthost] [info] ExtensionService#loadCommonJSModule file:///usr/share/code/resources/app/extensions/github/dist/extension.js
[2020-07-16 12:44:08.522] [exthost] [info] ExtensionService#_doActivateExtension vscode.configuration-editing {"startup":false,"extensionId":{"value":"vscode.configuration-editing","_lower":"vscode.configuration-editing"},"activationEvent":"onLanguage:jsonc"}
[2020-07-16 12:44:08.523] [exthost] [info] ExtensionService#loadCommonJSModule file:///usr/share/code/resources/app/extensions/configuration-editing/dist/configurationEditingMain
[2020-07-16 12:44:08.527] [exthost] [info] ExtensionService#_doActivateExtension vscode.json-language-features {"startup":false,"extensionId":{"value":"vscode.json-language-features","_lower":"vscode.json-language-features"},"activationEvent":"onLanguage:jsonc"}
[2020-07-16 12:44:08.527] [exthost] [info] ExtensionService#loadCommonJSModule file:///usr/share/code/resources/app/extensions/json-language-features/client/dist/node/jsonClientMain
[2020-07-16 12:44:08.556] [exthost] [info] ExtensionService#_doActivateExtension vscode.typescript-language-features {"startup":false,"extensionId":{"value":"vscode.typescript-language-features","_lower":"vscode.typescript-language-features"},"activationEvent":"onLanguage:jsonc"}
[2020-07-16 12:44:08.557] [exthost] [info] ExtensionService#loadCommonJSModule file:///usr/share/code/resources/app/extensions/typescript-language-features/dist/extension
[2020-07-16 12:44:08.589] [exthost] [info] eager extensions activated
[2020-07-16 12:44:18.943] [exthost] [info] extension host started
[2020-07-16 12:44:18.970] [exthost] [info] ExtensionService#_doActivateExtension aaron-bond.better-comments {"startup":false,"extensionId":{"value":"aaron-bond.better-comments","_lower":"aaron-bond.better-comments"},"activationEvent":"onLanguage:plaintext"}
[2020-07-16 12:44:18.970] [exthost] [info] ExtensionService#loadCommonJSModule file:///home/immanuwel/.vscode/extensions/aaron-bond.better-comments-2.1.0/out/extension
[2020-07-16 12:44:18.973] [exthost] [info] ExtensionService#_doActivateExtension pucelle.vscode-css-navigation {"startup":false,"extensionId":{"value":"pucelle.vscode-css-navigation","_lower":"pucelle.vscode-css-navigation"},"activationEvent":"onLanguage:plaintext"}
[2020-07-16 12:44:18.973] [exthost] [info] ExtensionService#loadCommonJSModule file:///home/immanuwel/.vscode/extensions/pucelle.vscode-css-navigation-1.9.0/client/out/extension
[2020-07-16 12:44:19.002] [exthost] [info] ExtensionService#_doActivateExtension vscode.debug-auto-launch {"startup":true,"extensionId":{"value":"vscode.debug-auto-launch","_lower":"vscode.debug-auto-launch"},"activationEvent":"*"}
[2020-07-16 12:44:19.002] [exthost] [info] ExtensionService#loadCommonJSModule file:///usr/share/code/resources/app/extensions/debug-auto-launch/dist/extension
[2020-07-16 12:44:19.004] [exthost] [info] ExtensionService#_doActivateExtension vscode.emmet {"startup":true,"extensionId":{"value":"vscode.emmet","_lower":"vscode.emmet"},"activationEvent":"*"}
[2020-07-16 12:44:19.004] [exthost] [info] ExtensionService#loadCommonJSModule file:///usr/share/code/resources/app/extensions/emmet/dist/extension
[2020-07-16 12:44:19.013] [exthost] [info] ExtensionService#_doActivateExtension vscode.git {"startup":true,"extensionId":{"value":"vscode.github","_lower":"vscode.github"},"activationEvent":"*"}
[2020-07-16 12:44:19.013] [exthost] [info] ExtensionService#loadCommonJSModule file:///usr/share/code/resources/app/extensions/git/dist/main
[2020-07-16 12:44:19.029] [exthost] [info] ExtensionService#_doActivateExtension vscode.github-authentication {"startup":true,"extensionId":{"value":"vscode.github-authentication","_lower":"vscode.github-authentication"},"activationEvent":"*"}
[2020-07-16 12:44:19.029] [exthost] [info] ExtensionService#loadCommonJSModule file:///usr/share/code/resources/app/extensions/github-authentication/dist/extension.js
[2020-07-16 12:44:19.033] [exthost] [info] ExtensionService#_doActivateExtension vscode.merge-conflict {"startup":true,"extensionId":{"value":"vscode.merge-conflict","_lower":"vscode.merge-conflict"},"activationEvent":"*"}
[2020-07-16 12:44:19.033] [exthost] [info] ExtensionService#loadCommonJSModule file:///usr/share/code/resources/app/extensions/merge-conflict/dist/mergeConflictMain
[2020-07-16 12:44:19.036] [exthost] [info] ExtensionService#_doActivateExtension vscode.microsoft-authentication {"startup":true,"extensionId":{"value":"vscode.microsoft-authentication","_lower":"vscode.microsoft-authentication"},"activationEvent":"*"}
[2020-07-16 12:44:19.036] [exthost] [info] ExtensionService#loadCommonJSModule file:///usr/share/code/resources/app/extensions/microsoft-authentication/dist/extension.js
[2020-07-16 12:44:19.043] [exthost] [info] ExtensionService#_doActivateExtension vscode.search-result {"startup":true,"extensionId":{"value":"vscode.search-result","_lower":"vscode.search-result"},"activationEvent":"*"}
[2020-07-16 12:44:19.043] [exthost] [info] ExtensionService#loadCommonJSModule file:///usr/share/code/resources/app/extensions/search-result/dist/extension.js
[2020-07-16 12:44:19.044] [exthost] [info] ExtensionService#_doActivateExtension Atishay-Jain.All-Autocomplete {"startup":true,"extensionId":{"value":"Atishay-Jain.All-Autocomplete","_lower":"atishay-jain.all-autocomplete"},"activationEvent":"*"}
[2020-07-16 12:44:19.045] [exthost] [info] ExtensionService#loadCommonJSModule file:///home/immanuwel/.vscode/extensions/atishay-jain.all-autocomplete-0.0.23/dist/extension
[2020-07-16 12:44:19.047] [exthost] [info] ExtensionService#_doActivateExtension chenxsan.vscode-standardjs {"startup":true,"extensionId":{"value":"chenxsan.vscode-standardjs","_lower":"chenxsan.vscode-standardjs"},"activationEvent":"*"}
[2020-07-16 12:44:19.047] [exthost] [info] ExtensionService#loadCommonJSModule file:///home/immanuwel/.vscode/extensions/chenxsan.vscode-standardjs-1.3.0/client/out/extension
[2020-07-16 12:44:19.082] [exthost] [info] ExtensionService#_doActivateExtension christian-kohler.path-intellisense {"startup":true,"extensionId":{"value":"christian-kohler.path-intellisense","_lower":"christian-kohler.path-intellisense"},"activationEvent":"*"}
[2020-07-16 12:44:19.082] [exthost] [info] ExtensionService#loadCommonJSModule file:///home/immanuwel/.vscode/extensions/christian-kohler.path-intellisense-2.2.1/out/extension.js
[2020-07-16 12:44:19.098] [exthost] [info] ExtensionService#_doActivateExtension CoenraadS.bracket-pair-colorizer {"startup":true,"extensionId":{"value":"CoenraadS.bracket-pair-colorizer","_lower":"coenraads.bracket-pair-colorizer"},"activationEvent":"*"}
[2020-07-16 12:44:19.098] [exthost] [info] ExtensionService#loadCommonJSModule file:///home/immanuwel/.vscode/extensions/coenraads.bracket-pair-colorizer-1.0.61/out/src/extension
[2020-07-16 12:44:19.110] [exthost] [info] ExtensionService#_doActivateExtension dbaeumer.vscode-eslint {"startup":true,"extensionId":{"value":"dbaeumer.vscode-eslint","_lower":"dbaeumer.vscode-eslint"},"activationEvent":"*"}
[2020-07-16 12:44:19.110] [exthost] [info] ExtensionService#loadCommonJSModule file:///home/immanuwel/.vscode/extensions/dbaeumer.vscode-eslint-2.1.8/client/out/extension
[2020-07-16 12:44:19.115] [exthost] [info] ExtensionService#_doActivateExtension formulahendry.auto-close-tag {"startup":true,"extensionId":{"value":"formulahendry.auto-close-tag","_lower":"formulahendry.auto-close-tag"},"activationEvent":"*"}
[2020-07-16 12:44:19.115] [exthost] [info] ExtensionService#loadCommonJSModule file:///home/immanuwel/.vscode/extensions/formulahendry.auto-close-tag-0.5.8/out/src/extension
[2020-07-16 12:44:19.116] [exthost] [info] ExtensionService#_doActivateExtension hbenl.vscode-test-explorer {"startup":true,"extensionId":{"value":"hbenl.vscode-test-explorer","_lower":"hbenl.vscode-test-explorer"},"activationEvent":"*"}
[2020-07-16 12:44:19.116] [exthost] [info] ExtensionService#loadCommonJSModule file:///home/immanuwel/.vscode/extensions/hbenl.vscode-test-explorer-2.19.1/out/main.js
[2020-07-16 12:44:19.128] [exthost] [info] ExtensionService#_doActivateExtension ionutvmi.path-autocomplete {"startup":true,"extensionId":{"value":"ionutvmi.path-autocomplete","_lower":"ionutvmi.path-autocomplete"},"activationEvent":"*"}
[2020-07-16 12:44:19.128] [exthost] [info] ExtensionService#loadCommonJSModule file:///home/immanuwel/.vscode/extensions/ionutvmi.path-autocomplete-1.14.0/out/src/extension
[2020-07-16 12:44:19.137] [exthost] [info] ExtensionService#_doActivateExtension PKief.material-icon-theme {"startup":true,"extensionId":{"value":"PKief.material-icon-theme","_lower":"pkief.material-icon-theme"},"activationEvent":"*"}
[2020-07-16 12:44:19.137] [exthost] [info] ExtensionService#loadCommonJSModule file:///home/immanuwel/.vscode/extensions/pkief.material-icon-theme-4.2.0/dist/extension
[2020-07-16 12:44:19.143] [exthost] [info] ExtensionService#_doActivateExtension ritwickdey.LiveServer {"startup":true,"extensionId":{"value":"ritwickdey.LiveServer","_lower":"ritwickdey.liveserver"},"activationEvent":"*"}
[2020-07-16 12:44:19.144] [exthost] [info] ExtensionService#loadCommonJSModule file:///home/immanuwel/.vscode/extensions/ritwickdey.liveserver-5.6.1/out/src/extension
[2020-07-16 12:44:19.452] [exthost] [info] ExtensionService#_doActivateExtension streetsidesoftware.code-spell-checker {"startup":true,"extensionId":{"value":"streetsidesoftware.code-spell-checker","_lower":"streetsidesoftware.code-spell-checker"},"activationEvent":"*"}
[2020-07-16 12:44:19.452] [exthost] [info] ExtensionService#loadCommonJSModule file:///home/immanuwel/.vscode/extensions/streetsidesoftware.code-spell-checker-1.9.0/dist/extension
[2020-07-16 12:44:19.489] [exthost] [info] ExtensionService#_doActivateExtension TabNine.tabnine-vscode {"startup":true,"extensionId":{"value":"TabNine.tabnine-vscode","_lower":"tabnine.tabnine-vscode"},"activationEvent":"*"}
[2020-07-16 12:44:19.489] [exthost] [info] ExtensionService#loadCommonJSModule file:///home/immanuwel/.vscode/extensions/tabnine.tabnine-vscode-2.8.10/out/extension
[2020-07-16 12:44:19.501] [exthost] [info] ExtensionService#_doActivateExtension Zignd.html-css-class-completion {"startup":true,"extensionId":{"value":"Zignd.html-css-class-completion","_lower":"zignd.html-css-class-completion"},"activationEvent":"*"}
[2020-07-16 12:44:19.501] [exthost] [info] ExtensionService#loadCommonJSModule file:///home/immanuwel/.vscode/extensions/zignd.html-css-class-completion-1.19.0/out/src/extension
[2020-07-16 12:44:19.733] [exthost] [info] ExtensionService#_doActivateExtension vscode.npm {"startup":true,"extensionId":{"value":"vscode.npm","_lower":"vscode.npm"},"activationEvent":"workspaceContains:package.json"}
[2020-07-16 12:44:19.734] [exthost] [info] ExtensionService#loadCommonJSModule file:///usr/share/code/resources/app/extensions/npm/dist/npmMain
[2020-07-16 12:44:19.739] [exthost] [info] ExtensionService#_doActivateExtension yzhang.markdown-all-in-one {"startup":true,"extensionId":{"value":"yzhang.markdown-all-in-one","_lower":"yzhang.markdown-all-in-one"},"activationEvent":"workspaceContains:README.md"}
[2020-07-16 12:44:19.739] [exthost] [info] ExtensionService#loadCommonJSModule file:///home/immanuwel/.vscode/extensions/yzhang.markdown-all-in-one-3.1.0/dist/extension
[2020-07-16 12:44:20.158] [exthost] [info] ExtensionService#_doActivateExtension vscode.configuration-editing {"startup":false,"extensionId":{"value":"vscode.configuration-editing","_lower":"vscode.configuration-editing"},"activationEvent":"onLanguage:jsonc"}
[2020-07-16 12:44:20.158] [exthost] [info] ExtensionService#loadCommonJSModule file:///usr/share/code/resources/app/extensions/configuration-editing/dist/configurationEditingMain
[2020-07-16 12:44:20.164] [exthost] [info] ExtensionService#_doActivateExtension vscode.json-language-features {"startup":false,"extensionId":{"value":"vscode.json-language-features","_lower":"vscode.json-language-features"},"activationEvent":"onLanguage:jsonc"}
[2020-07-16 12:44:20.164] [exthost] [info] ExtensionService#loadCommonJSModule file:///usr/share/code/resources/app/extensions/json-language-features/client/dist/node/jsonClientMain
[2020-07-16 12:44:20.200] [exthost] [info] ExtensionService#_doActivateExtension vscode.typescript-language-features {"startup":false,"extensionId":{"value":"vscode.typescript-language-features","_lower":"vscode.typescript-language-features"},"activationEvent":"onLanguage:jsonc"}
[2020-07-16 12:44:20.200] [exthost] [info] ExtensionService#loadCommonJSModule file:///usr/share/code/resources/app/extensions/typescript-language-features/dist/extension
[2020-07-16 12:44:36.176] [exthost] [info] ExtensionService#_doActivateExtension vscode.html-language-features {"startup":false,"extensionId":{"value":"vscode.html-language-features","_lower":"vscode.html-language-features"},"activationEvent":"onLanguage:html"}
[2020-07-16 12:44:36.176] [exthost] [info] ExtensionService#loadCommonJSModule file:///usr/share/code/resources/app/extensions/html-language-features/client/dist/node/htmlClientMain
[2020-07-16 12:44:36.187] [exthost] [info] ExtensionService#_doActivateExtension ecmel.vscode-html-css {"startup":false,"extensionId":{"value":"ecmel.vscode-html-css","_lower":"ecmel.vscode-html-css"},"activationEvent":"onLanguage:html"}
[2020-07-16 12:44:36.187] [exthost] [info] ExtensionService#loadCommonJSModule file:///home/immanuwel/.vscode/extensions/ecmel.vscode-html-css-0.2.3/dist/extension
[2020-07-16 12:44:36.224] [exthost] [info] ExtensionService#_doActivateExtension mohd-akram.vscode-html-format {"startup":false,"extensionId":{"value":"mohd-akram.vscode-html-format","_lower":"mohd-akram.vscode-html-format"},"activationEvent":"onLanguage:html"}
[2020-07-16 12:44:36.224] [exthost] [info] ExtensionService#loadCommonJSModule file:///home/immanuwel/.vscode/extensions/mohd-akram.vscode-html-format-0.0.4/out/extension
[2020-07-16 12:44:36.227] [exthost] [info] ExtensionService#_doActivateExtension tht13.html-preview-vscode {"startup":false,"extensionId":{"value":"tht13.html-preview-vscode","_lower":"tht13.html-preview-vscode"},"activationEvent":"onLanguage:html"}
[2020-07-16 12:44:36.227] [exthost] [info] ExtensionService#loadCommonJSModule file:///home/immanuwel/.vscode/extensions/tht13.html-preview-vscode-0.2.5/out/extension.js
[2020-07-16 12:44:59.732] [exthost] [info] ExtensionService#_doActivateExtension hoovercj.ruby-linter {"startup":false,"extensionId":{"value":"hoovercj.ruby-linter","_lower":"hoovercj.ruby-linter"},"activationEvent":"onLanguage:ruby"}
[2020-07-16 12:44:59.732] [exthost] [info] ExtensionService#loadCommonJSModule file:///home/immanuwel/.vscode/extensions/hoovercj.ruby-linter-1.0.0/out/src/extension
[2020-07-16 12:44:59.775] [exthost] [info] ExtensionService#_doActivateExtension rebornix.ruby {"startup":false,"extensionId":{"value":"rebornix.ruby","_lower":"rebornix.ruby"},"activationEvent":"onLanguage:ruby"}
[2020-07-16 12:44:59.775] [exthost] [info] ExtensionService#loadCommonJSModule file:///home/immanuwel/.vscode/extensions/rebornix.ruby-0.27.0/dist/client/ruby.js
